<?xml version="1.0" encoding="UTF-8"?>
<testng-results skipped="0" failed="0" ignored="0" total="4" passed="4">
  <reporter-output>
  </reporter-output>
  <suite name="Suite" duration-ms="57589" started-at="2020-11-18T11:10:13 SAST" finished-at="2020-11-18T11:11:11 SAST">
    <groups>
    </groups>
    <test name="Music Play Android" duration-ms="57589" started-at="2020-11-18T11:10:13 SAST" finished-at="2020-11-18T11:11:11 SAST">
      <class name="musicPlayTests.Userflow">
        <test-method status="PASS" signature="killAllNodes()[pri:0, instance:musicPlayTests.Userflow@130161f7]" name="killAllNodes" is-config="true" duration-ms="3026" started-at="2020-11-18T11:10:13 SAST" finished-at="2020-11-18T11:10:16 SAST">
          <reporter-output>
          </reporter-output>
        </test-method> <!-- killAllNodes -->
        <test-method status="PASS" signature="setUp()[pri:0, instance:musicPlayTests.Userflow@130161f7]" name="setUp" is-config="true" duration-ms="41016" started-at="2020-11-18T11:10:16 SAST" finished-at="2020-11-18T11:10:57 SAST">
          <reporter-output>
          </reporter-output>
        </test-method> <!-- setUp -->
        <test-method status="PASS" signature="genres()[pri:0, instance:musicPlayTests.Userflow@130161f7]" name="genres" duration-ms="1090" started-at="2020-11-18T11:10:57 SAST" finished-at="2020-11-18T11:10:58 SAST">
          <reporter-output>
          </reporter-output>
        </test-method> <!-- genres -->
        <test-method status="PASS" signature="rock()[pri:1, instance:musicPlayTests.Userflow@130161f7]" name="rock" duration-ms="2359" started-at="2020-11-18T11:10:58 SAST" finished-at="2020-11-18T11:11:01 SAST">
          <reporter-output>
          </reporter-output>
        </test-method> <!-- rock -->
        <test-method status="PASS" signature="motoCrossSong()[pri:2, instance:musicPlayTests.Userflow@130161f7]" name="motoCrossSong" duration-ms="238" started-at="2020-11-18T11:11:01 SAST" finished-at="2020-11-18T11:11:01 SAST">
          <reporter-output>
          </reporter-output>
        </test-method> <!-- motoCrossSong -->
        <test-method status="PASS" signature="pause()[pri:3, instance:musicPlayTests.Userflow@130161f7]" name="pause" duration-ms="1733" started-at="2020-11-18T11:11:01 SAST" finished-at="2020-11-18T11:11:03 SAST">
          <reporter-output>
          </reporter-output>
        </test-method> <!-- pause -->
        <test-method status="PASS" signature="afterTest()[pri:0, instance:musicPlayTests.Userflow@130161f7]" name="afterTest" is-config="true" duration-ms="8090" started-at="2020-11-18T11:11:03 SAST" finished-at="2020-11-18T11:11:11 SAST">
          <reporter-output>
          </reporter-output>
        </test-method> <!-- afterTest -->
      </class> <!-- musicPlayTests.Userflow -->
    </test> <!-- Music Play Android -->
  </suite> <!-- Suite -->
</testng-results>
